<?xml version="1.0" encoding="UTF-8"?>
<!-- Generated by org.testng.reporters.JUnitXMLReporter -->
<testsuite ignored="0" hostname="JKL029" failures="0" tests="2" name="JKL Assets Managemant" time="57.114" errors="0" timestamp="2024-06-12T16:38:06 IST">
  <testcase classname="com.jkl.testCases.TC_Inner_Dashboard" name="test_CheckDashboardCount" time="21.827"/>
  <testcase classname="com.jkl.testCases.TC_Inner_Dashboard" name="test_CheckDashboardMenus" time="23.114"/>
</testsuite> <!-- JKL Assets Managemant -->
