<?xml version="1.0" encoding="UTF-8"?>
<!-- Generated by org.testng.reporters.JUnitXMLReporter -->
<testsuite ignored="0" hostname="DESKTOP-J5S0LPJ" failures="0" tests="2" name="LeonardoAI_WATM" time="28.217" errors="0" timestamp="2024-06-30T22:11:28 IST">
  <testcase classname="com.leonardoAI.testCases.TC_ImageGenerationPage" name="test_DownLoadGenerateImage" time="13.464"/>
  <testcase classname="com.leonardoAI.testCases.TC_ImageGenerationPage" name="test_RenameDonwloadedFile" time="0.656"/>
</testsuite> <!-- LeonardoAI_WATM -->
