<?xml version="1.0" encoding="UTF-8"?>
<!-- Generated by org.testng.reporters.JUnitXMLReporter -->
<testsuite ignored="0" hostname="DESKTOP-J5S0LPJ" failures="0" tests="3" name="LeonardoAI_WATM" time="103.666" errors="0" timestamp="2024-06-23T11:56:02 IST">
  <testcase classname="com.leonardoAI.testCases.TC_ImageGenerationPage" name="test_GenerateImage" time="29.773"/>
  <testcase classname="com.leonardoAI.testCases.TC_ImageGenerationPage" name="test_DownLoadGenerateImage" time="6.568"/>
  <testcase classname="com.leonardoAI.testCases.TC_ImageGenerationPage" name="test_RenameDonwloadedFile" time="0.351"/>
</testsuite> <!-- LeonardoAI_WATM -->
