<?xml version="1.0" encoding="UTF-8"?>
<!-- Generated by org.testng.reporters.JUnitXMLReporter -->
<testsuite ignored="0" hostname="DESKTOP-J5S0LPJ" failures="0" tests="3" name="LeonardoAI_WATM" time="162.623" errors="0" timestamp="2024-06-29T19:24:27 IST">
  <testcase classname="com.leonardoAI.testCases.TC_ImageGenerationPage" name="test_GenerateImage" time="62.247"/>
  <testcase classname="com.leonardoAI.testCases.TC_ImageGenerationPage" name="test_DownLoadGenerateImage" time="5.299"/>
  <testcase classname="com.leonardoAI.testCases.TC_ImageGenerationPage" name="test_RenameDonwloadedFile" time="0.42"/>
</testsuite> <!-- LeonardoAI_WATM -->
