<?xml version="1.0" encoding="UTF-8"?>
<!-- Generated by org.testng.reporters.JUnitXMLReporter -->
<testsuite ignored="0" hostname="DESKTOP-J5S0LPJ" failures="0" tests="3" name="LeonardoAI_WATM" time="111.34" errors="0" timestamp="2024-06-23T17:22:19 IST">
  <testcase classname="com.leonardoAI.testCases.TC_ImageGenerationPage" name="test_GenerateImage" time="30.642"/>
  <testcase classname="com.leonardoAI.testCases.TC_ImageGenerationPage" name="test_DownLoadGenerateImage" time="7.026"/>
  <testcase classname="com.leonardoAI.testCases.TC_ImageGenerationPage" name="test_RenameDonwloadedFile" time="0.326"/>
</testsuite> <!-- LeonardoAI_WATM -->
