<?xml version="1.0" encoding="UTF-8"?>
<testng-results ignored="0" total="3" passed="3" failed="0" skipped="0">
  <reporter-output>
  </reporter-output>
  <suite started-at="2024-06-23T17:20:26 IST" name="Suite" finished-at="2024-06-23T17:22:18 IST" duration-ms="111340">
    <groups>
    </groups>
    <test started-at="2024-06-23T17:20:26 IST" name="LeonardoAI_WATM" finished-at="2024-06-23T17:22:18 IST" duration-ms="111340">
      <class name="com.leonardoAI.testCases.TC_ImageGenerationPage">
        <test-method is-config="true" signature="Setup(java.lang.String)[pri:0, instance:com.leonardoAI.testCases.TC_ImageGenerationPage@555cf22]" started-at="2024-06-23T17:20:27 IST" name="Setup" finished-at="2024-06-23T17:20:49 IST" duration-ms="22155" status="PASS">
          <params>
            <param index="0">
              <value>
                <![CDATA[chrome]]>
              </value>
            </param>
          </params>
          <reporter-output>
          </reporter-output>
        </test-method> <!-- Setup -->
        <test-method is-config="true" signature="Login(java.lang.String)[pri:0, instance:com.leonardoAI.testCases.TC_ImageGenerationPage@555cf22]" started-at="2024-06-23T17:20:49 IST" name="Login" finished-at="2024-06-23T17:21:27 IST" duration-ms="37778" status="PASS">
          <params>
            <param index="0">
              <value>
                <![CDATA[user,false]]>
              </value>
            </param>
          </params>
          <reporter-output>
          </reporter-output>
        </test-method> <!-- Login -->
        <test-method signature="test_GenerateImage()[pri:1, instance:com.leonardoAI.testCases.TC_ImageGenerationPage@555cf22]" started-at="2024-06-23T17:21:27 IST" name="test_GenerateImage" finished-at="2024-06-23T17:21:57 IST" duration-ms="30642" status="PASS">
          <reporter-output>
          </reporter-output>
        </test-method> <!-- test_GenerateImage -->
        <test-method signature="test_DownLoadGenerateImage()[pri:2, instance:com.leonardoAI.testCases.TC_ImageGenerationPage@555cf22]" started-at="2024-06-23T17:21:58 IST" name="test_DownLoadGenerateImage" finished-at="2024-06-23T17:22:05 IST" duration-ms="7026" status="PASS">
          <reporter-output>
          </reporter-output>
        </test-method> <!-- test_DownLoadGenerateImage -->
        <test-method signature="test_RenameDonwloadedFile()[pri:3, instance:com.leonardoAI.testCases.TC_ImageGenerationPage@555cf22]" started-at="2024-06-23T17:22:05 IST" name="test_RenameDonwloadedFile" finished-at="2024-06-23T17:22:05 IST" duration-ms="326" status="PASS">
          <reporter-output>
          </reporter-output>
        </test-method> <!-- test_RenameDonwloadedFile -->
        <test-method is-config="true" signature="Logout(java.lang.String)[pri:0, instance:com.leonardoAI.testCases.TC_ImageGenerationPage@555cf22]" started-at="2024-06-23T17:22:05 IST" name="Logout" finished-at="2024-06-23T17:22:17 IST" duration-ms="11870" status="PASS">
          <params>
            <param index="0">
              <value>
                <![CDATA[user,false]]>
              </value>
            </param>
          </params>
          <reporter-output>
          </reporter-output>
        </test-method> <!-- Logout -->
        <test-method is-config="true" signature="Teardown(java.lang.String)[pri:0, instance:com.leonardoAI.testCases.TC_ImageGenerationPage@555cf22]" started-at="2024-06-23T17:22:17 IST" name="Teardown" finished-at="2024-06-23T17:22:18 IST" depends-on-methods="com.leonardoAI.testCases.BaseClass.Logout" duration-ms="1011" status="PASS">
          <params>
            <param index="0">
              <value>
                <![CDATA[user,false]]>
              </value>
            </param>
          </params>
          <reporter-output>
          </reporter-output>
        </test-method> <!-- Teardown -->
      </class> <!-- com.leonardoAI.testCases.TC_ImageGenerationPage -->
    </test> <!-- LeonardoAI_WATM -->
  </suite> <!-- Suite -->
</testng-results>
