<?xml version="1.0" encoding="UTF-8"?>
<!-- Generated by org.testng.reporters.JUnitXMLReporter -->
<testsuite ignored="0" hostname="DESKTOP-7AKMRUB" failures="0" tests="2" name="MembershipFunctionality" time="99.168" errors="0" timestamp="2023-09-14T16:03:24 IST">
  <testcase classname="com.p360.testCases.TC_Membership" name="test_ChangeMembership" time="30.085"/>
  <testcase classname="com.p360.testCases.TC_Membership" name="test_CheckAgreedTerms" time="14.669"/>
</testsuite> <!-- MembershipFunctionality -->
