<?xml version="1.0" encoding="UTF-8"?>
<testng-results ignored="0" total="1" passed="1" failed="0" skipped="0">
  <reporter-output>
  </reporter-output>
  <suite started-at="2024-06-28T21:46:02 IST" name="Suite" finished-at="2024-06-28T21:47:39 IST" duration-ms="96468">
    <groups>
    </groups>
    <test started-at="2024-06-28T21:46:02 IST" name="LeonardoAI_WATM" finished-at="2024-06-28T21:47:39 IST" duration-ms="96468">
      <class name="com.leonardoAI.testCases.TC_Home">
        <test-method is-config="true" signature="Setup(java.lang.String)[pri:0, instance:com.leonardoAI.testCases.TC_Home@2b95e48b]" started-at="2024-06-28T21:46:03 IST" name="Setup" finished-at="2024-06-28T21:46:32 IST" duration-ms="29066" status="PASS">
          <params>
            <param index="0">
              <value>
                <![CDATA[chrome]]>
              </value>
            </param>
          </params>
          <reporter-output>
          </reporter-output>
        </test-method> <!-- Setup -->
        <test-method is-config="true" signature="getDataFromTestNg(org.testng.ITestContext)[pri:0, instance:com.leonardoAI.testCases.TC_Home@2b95e48b]" started-at="2024-06-28T21:46:32 IST" name="getDataFromTestNg" finished-at="2024-06-28T21:46:32 IST" duration-ms="37" status="PASS">
          <params>
            <param index="0">
              <value>
                <![CDATA[org.testng.TestRunner@28ee882c]]>
              </value>
            </param>
          </params>
          <reporter-output>
          </reporter-output>
        </test-method> <!-- getDataFromTestNg -->
        <test-method is-config="true" signature="Login(java.lang.String)[pri:0, instance:com.leonardoAI.testCases.TC_Home@2b95e48b]" started-at="2024-06-28T21:46:32 IST" name="Login" finished-at="2024-06-28T21:47:16 IST" duration-ms="44142" status="PASS">
          <params>
            <param index="0">
              <value>
                <![CDATA[user]]>
              </value>
            </param>
          </params>
          <reporter-output>
          </reporter-output>
        </test-method> <!-- Login -->
        <test-method signature="test_CheckAIToolSubMenus()[pri:1, instance:com.leonardoAI.testCases.TC_Home@2b95e48b]" started-at="2024-06-28T21:47:16 IST" name="test_CheckAIToolSubMenus" finished-at="2024-06-28T21:47:35 IST" duration-ms="19451" status="PASS">
          <reporter-output>
          </reporter-output>
        </test-method> <!-- test_CheckAIToolSubMenus -->
        <test-method is-config="true" signature="Logout(java.lang.String)[pri:0, instance:com.leonardoAI.testCases.TC_Home@2b95e48b]" started-at="2024-06-28T21:47:36 IST" name="Logout" finished-at="2024-06-28T21:47:39 IST" duration-ms="3185" status="PASS">
          <params>
            <param index="0">
              <value>
                <![CDATA[user]]>
              </value>
            </param>
          </params>
          <reporter-output>
          </reporter-output>
        </test-method> <!-- Logout -->
        <test-method is-config="true" signature="Teardown(java.lang.String)[pri:0, instance:com.leonardoAI.testCases.TC_Home@2b95e48b]" started-at="2024-06-28T21:47:39 IST" name="Teardown" finished-at="1970-01-01T05:30:00 IST" depends-on-methods="com.leonardoAI.testCases.BaseClass.Logout" duration-ms="-1719591459197" status="FAIL">
          <exception class="org.testng.TestNGException">
            <message>
              <![CDATA[
Can inject only one of <ITestContext, XmlTest> into a @AfterTest annotated Teardown.
For more information on native dependency injection please refer to https://testng.org/doc/documentation-main.html#native-dependency-injection]]>
            </message>
            <full-stacktrace>
              <![CDATA[org.testng.TestNGException: 
Can inject only one of <ITestContext, XmlTest> into a @AfterTest annotated Teardown.
For more information on native dependency injection please refer to https://testng.org/doc/documentation-main.html#native-dependency-injection
at org.testng.internal.Parameters.checkParameterTypes(Parameters.java:439)
at org.testng.internal.Parameters.createParametersForMethod(Parameters.java:353)
at org.testng.internal.Parameters.createParameters(Parameters.java:708)
at org.testng.internal.Parameters.createConfigurationParameters(Parameters.java:168)
at org.testng.internal.ConfigInvoker.invokeConfigurations(ConfigInvoker.java:302)
at org.testng.TestRunner.invokeTestConfigurations(TestRunner.java:637)
at org.testng.TestRunner.afterRun(TestRunner.java:877)
at org.testng.TestRunner.run(TestRunner.java:599)
at org.testng.SuiteRunner.runTest(SuiteRunner.java:377)
at org.testng.SuiteRunner.runSequentially(SuiteRunner.java:371)
at org.testng.SuiteRunner.privateRun(SuiteRunner.java:332)
at org.testng.SuiteRunner.run(SuiteRunner.java:276)
at org.testng.SuiteRunnerWorker.runSuite(SuiteRunnerWorker.java:53)
at org.testng.SuiteRunnerWorker.run(SuiteRunnerWorker.java:96)
at org.testng.TestNG.runSuitesSequentially(TestNG.java:1212)
at org.testng.TestNG.runSuitesLocally(TestNG.java:1134)
at org.testng.TestNG.runSuites(TestNG.java:1063)
at org.testng.TestNG.run(TestNG.java:1031)
at org.testng.remote.AbstractRemoteTestNG.run(AbstractRemoteTestNG.java:115)
at org.testng.remote.RemoteTestNG.initAndRun(RemoteTestNG.java:293)
at org.testng.remote.RemoteTestNG.main(RemoteTestNG.java:91)
]]>
            </full-stacktrace>
          </exception> <!-- org.testng.TestNGException -->
          <reporter-output>
          </reporter-output>
        </test-method> <!-- Teardown -->
      </class> <!-- com.leonardoAI.testCases.TC_Home -->
    </test> <!-- LeonardoAI_WATM -->
  </suite> <!-- Suite -->
</testng-results>
