<?xml version="1.0" encoding="UTF-8"?>
<testng-results ignored="0" total="2" passed="2" failed="0" skipped="0">
  <reporter-output>
  </reporter-output>
  <suite started-at="2024-06-30T22:11:00 IST" name="Suite" finished-at="2024-06-30T22:11:28 IST" duration-ms="28217">
    <groups>
    </groups>
    <test started-at="2024-06-30T22:11:00 IST" name="LeonardoAI_WATM" finished-at="2024-06-30T22:11:28 IST" duration-ms="28217">
      <class name="com.leonardoAI.testCases.TC_ImageGenerationPage">
        <test-method is-config="true" signature="getDataFromTestNg(org.testng.ITestContext)[pri:0, instance:com.leonardoAI.testCases.TC_ImageGenerationPage@12bfd80d]" started-at="2024-06-30T22:11:00 IST" name="getDataFromTestNg" finished-at="2024-06-30T22:11:00 IST" duration-ms="31" status="PASS">
          <params>
            <param index="0">
              <value>
                <![CDATA[org.testng.TestRunner@4f281aaf]]>
              </value>
            </param>
          </params>
          <reporter-output>
          </reporter-output>
        </test-method> <!-- getDataFromTestNg -->
        <test-method is-config="true" signature="Setup(java.lang.String)[pri:0, instance:com.leonardoAI.testCases.TC_ImageGenerationPage@12bfd80d]" started-at="2024-06-30T22:11:00 IST" name="Setup" finished-at="2024-06-30T22:11:13 IST" depends-on-methods="com.leonardoAI.testCases.BaseClass.getDataFromTestNg" duration-ms="13238" status="PASS">
          <params>
            <param index="0">
              <value>
                <![CDATA[chrome]]>
              </value>
            </param>
          </params>
          <reporter-output>
          </reporter-output>
        </test-method> <!-- Setup -->
        <test-method is-config="true" signature="Login(java.lang.String)[pri:0, instance:com.leonardoAI.testCases.TC_ImageGenerationPage@12bfd80d]" started-at="2024-06-30T22:11:13 IST" name="Login" finished-at="2024-06-30T22:11:14 IST" duration-ms="420" status="PASS">
          <params>
            <param index="0">
              <value>
                <![CDATA[user]]>
              </value>
            </param>
          </params>
          <reporter-output>
          </reporter-output>
        </test-method> <!-- Login -->
        <test-method signature="test_DownLoadGenerateImage()[pri:2, instance:com.leonardoAI.testCases.TC_ImageGenerationPage@12bfd80d]" started-at="2024-06-30T22:11:14 IST" name="test_DownLoadGenerateImage" finished-at="2024-06-30T22:11:27 IST" duration-ms="13464" status="PASS">
          <reporter-output>
          </reporter-output>
        </test-method> <!-- test_DownLoadGenerateImage -->
        <test-method signature="test_RenameDonwloadedFile()[pri:3, instance:com.leonardoAI.testCases.TC_ImageGenerationPage@12bfd80d]" started-at="2024-06-30T22:11:27 IST" name="test_RenameDonwloadedFile" finished-at="2024-06-30T22:11:28 IST" duration-ms="656" status="PASS">
          <reporter-output>
          </reporter-output>
        </test-method> <!-- test_RenameDonwloadedFile -->
        <test-method is-config="true" signature="Logout(java.lang.String)[pri:0, instance:com.leonardoAI.testCases.TC_ImageGenerationPage@12bfd80d]" started-at="2024-06-30T22:11:28 IST" name="Logout" finished-at="2024-06-30T22:11:28 IST" duration-ms="1" status="PASS">
          <params>
            <param index="0">
              <value>
                <![CDATA[user]]>
              </value>
            </param>
          </params>
          <reporter-output>
          </reporter-output>
        </test-method> <!-- Logout -->
        <test-method is-config="true" signature="Teardown()[pri:0, instance:com.leonardoAI.testCases.TC_ImageGenerationPage@12bfd80d]" started-at="2024-06-30T22:11:28 IST" name="Teardown" finished-at="2024-06-30T22:11:28 IST" depends-on-methods="com.leonardoAI.testCases.BaseClass.Logout" duration-ms="1" status="PASS">
          <reporter-output>
          </reporter-output>
        </test-method> <!-- Teardown -->
      </class> <!-- com.leonardoAI.testCases.TC_ImageGenerationPage -->
    </test> <!-- LeonardoAI_WATM -->
  </suite> <!-- Suite -->
</testng-results>
